Build started 5/17/2013 3:33:49 PM.
     1>Project "C:\Users\Student\Documents\GitHub\Colin-AIE-Term-Project\AquariumClient\AquariumClient.vcxproj" on node 2 (build target(s)).
     1>InitializeBuildStatus:
         Touching "Debug\AquariumClient.unsuccessfulbuild".
       ClCompile:
         All outputs are up-to-date.
         C:\Program Files (x86)\Microsoft Visual Studio 10.0\VC\bin\CL.exe /c /I"C:\Users\Student\Documents\SDL-1.2.15\include" /I"C:\Users\Student\Documents\Visual Studio 2010\Projects\AquariumGeneral" /I"C:\Users\Student\Documents\RakNet\RakNet-4.0.Beta5\Source" /ZI /nologo /W3 /WX- /Od /Oy- /D WIN32 /D _DEBUG /D _CONSOLE /Gm /EHsc /RTC1 /MD /GS /fp:precise /Zc:wchar_t /Zc:forScope /Fo"Debug\\" /Fd"Debug\vc100.pdb" /Gd /TP /analyze- /errorReport:prompt AquariumClient.cpp
         AquariumClient.cpp
     1>c:\users\student\documents\github\colin-aie-term-project\aquariumclient\aquariumclient.cpp(37): error C2065: 'data' : undeclared identifier
     1>c:\users\student\documents\github\colin-aie-term-project\aquariumclient\aquariumclient.cpp(160): error C2561: 'GameLoop' : function must return a value
                 c:\users\student\documents\github\colin-aie-term-project\aquariumclient\aquariumclient.cpp(25) : see declaration of 'GameLoop'
     1>c:\users\student\documents\github\colin-aie-term-project\aquariumclient\aquariumclient.cpp(167): error C2065: 'peer' : undeclared identifier
     1>c:\users\student\documents\github\colin-aie-term-project\aquariumclient\aquariumclient.cpp(167): error C2227: left of '->Startup' must point to class/struct/union/generic type
                 type is ''unknown-type''
     1>c:\users\student\documents\github\colin-aie-term-project\aquariumclient\aquariumclient.cpp(169): error C2065: 'str' : undeclared identifier
     1>c:\users\student\documents\github\colin-aie-term-project\aquariumclient\aquariumclient.cpp(170): error C2065: 'str' : undeclared identifier
     1>c:\users\student\documents\github\colin-aie-term-project\aquariumclient\aquariumclient.cpp(171): error C2065: 'str' : undeclared identifier
     1>c:\users\student\documents\github\colin-aie-term-project\aquariumclient\aquariumclient.cpp(173): error C2065: 'peer' : undeclared identifier
     1>c:\users\student\documents\github\colin-aie-term-project\aquariumclient\aquariumclient.cpp(173): error C2227: left of '->Connect' must point to class/struct/union/generic type
                 type is ''unknown-type''
     1>c:\users\student\documents\github\colin-aie-term-project\aquariumclient\aquariumclient.cpp(173): error C2065: 'str' : undeclared identifier
     1>c:\users\student\documents\github\colin-aie-term-project\aquariumclient\aquariumclient.cpp(173): error C2065: 'SERVER_PORT' : undeclared identifier
     1>c:\users\student\documents\github\colin-aie-term-project\aquariumclient\aquariumclient.cpp(180): error C2664: 'CreateThread' : cannot convert parameter 3 from 'DWORD (__stdcall *)(AquariumGameState *)' to 'LPTHREAD_START_ROUTINE'
                 None of the functions with this name in scope match the target type
     1>Done Building Project "C:\Users\Student\Documents\GitHub\Colin-AIE-Term-Project\AquariumClient\AquariumClient.vcxproj" (build target(s)) -- FAILED.

Build FAILED.

Time Elapsed 00:00:01.01
