C:\USERS\STUDENT\DOCUMENTS\GITHUB\COLIN-AIE-TERM-PROJECT\AQUARIUMCLIENT\DEBUG\_FINDFIRST.OBJ
C:\Users\Student\Documents\GitHub\Colin-AIE-Term-Project\AquariumClient\Debug\AquariumClient.exe.embed.manifest
C:\USERS\STUDENT\DOCUMENTS\GITHUB\COLIN-AIE-TERM-PROJECT\AQUARIUMCLIENT\DEBUG\AQUARIUMCLIENT.EXE.EMBED.MANIFEST.RES
C:\USERS\STUDENT\DOCUMENTS\GITHUB\COLIN-AIE-TERM-PROJECT\AQUARIUMCLIENT\DEBUG\AQUARIUMCLIENT.EXE.INTERMEDIATE.MANIFEST
C:\USERS\STUDENT\DOCUMENTS\GITHUB\COLIN-AIE-TERM-PROJECT\AQUARIUMCLIENT\DEBUG\AQUARIUMCLIENT.OBJ
C:\Users\Student\Documents\GitHub\Colin-AIE-Term-Project\AquariumClient\Debug\AquariumClient_manifest.rc
C:\USERS\STUDENT\DOCUMENTS\GITHUB\COLIN-AIE-TERM-PROJECT\AQUARIUMCLIENT\DEBUG\AQUARIUMCREATURE.OBJ
C:\USERS\STUDENT\DOCUMENTS\GITHUB\COLIN-AIE-TERM-PROJECT\AQUARIUMCLIENT\DEBUG\AQUARIUMGAMESTATE.OBJ
C:\USERS\STUDENT\DOCUMENTS\GITHUB\COLIN-AIE-TERM-PROJECT\AQUARIUMCLIENT\DEBUG\AQUARIUMRAKNET.OBJ
C:\USERS\STUDENT\DOCUMENTS\GITHUB\COLIN-AIE-TERM-PROJECT\AQUARIUMCLIENT\DEBUG\BITSTREAM.OBJ
C:\USERS\STUDENT\DOCUMENTS\GITHUB\COLIN-AIE-TERM-PROJECT\AQUARIUMCLIENT\DEBUG\CCRAKNETUDT.OBJ
C:\USERS\STUDENT\DOCUMENTS\GITHUB\COLIN-AIE-TERM-PROJECT\AQUARIUMCLIENT\DEBUG\CHECKSUM.OBJ
C:\Users\Student\Documents\GitHub\Colin-AIE-Term-Project\AquariumClient\Debug\cl.command.1.tlog
C:\Users\Student\Documents\GitHub\Colin-AIE-Term-Project\AquariumClient\Debug\CL.read.1.tlog
C:\Users\Student\Documents\GitHub\Colin-AIE-Term-Project\AquariumClient\Debug\CL.write.1.tlog
C:\USERS\STUDENT\DOCUMENTS\GITHUB\COLIN-AIE-TERM-PROJECT\AQUARIUMCLIENT\DEBUG\COMMANDPARSERINTERFACE.OBJ
C:\USERS\STUDENT\DOCUMENTS\GITHUB\COLIN-AIE-TERM-PROJECT\AQUARIUMCLIENT\DEBUG\CONNECTIONGRAPH2.OBJ
C:\USERS\STUDENT\DOCUMENTS\GITHUB\COLIN-AIE-TERM-PROJECT\AQUARIUMCLIENT\DEBUG\CONSOLESERVER.OBJ
C:\USERS\STUDENT\DOCUMENTS\GITHUB\COLIN-AIE-TERM-PROJECT\AQUARIUMCLIENT\DEBUG\DATACOMPRESSOR.OBJ
C:\USERS\STUDENT\DOCUMENTS\GITHUB\COLIN-AIE-TERM-PROJECT\AQUARIUMCLIENT\DEBUG\DIRECTORYDELTATRANSFER.OBJ
C:\USERS\STUDENT\DOCUMENTS\GITHUB\COLIN-AIE-TERM-PROJECT\AQUARIUMCLIENT\DEBUG\DS_BYTEPOOL.OBJ
C:\USERS\STUDENT\DOCUMENTS\GITHUB\COLIN-AIE-TERM-PROJECT\AQUARIUMCLIENT\DEBUG\DS_BYTEQUEUE.OBJ
C:\USERS\STUDENT\DOCUMENTS\GITHUB\COLIN-AIE-TERM-PROJECT\AQUARIUMCLIENT\DEBUG\DS_HUFFMANENCODINGTREE.OBJ
C:\USERS\STUDENT\DOCUMENTS\GITHUB\COLIN-AIE-TERM-PROJECT\AQUARIUMCLIENT\DEBUG\DS_TABLE.OBJ
C:\USERS\STUDENT\DOCUMENTS\GITHUB\COLIN-AIE-TERM-PROJECT\AQUARIUMCLIENT\DEBUG\EMAILSENDER.OBJ
C:\USERS\STUDENT\DOCUMENTS\GITHUB\COLIN-AIE-TERM-PROJECT\AQUARIUMCLIENT\DEBUG\ENCODECLASSNAME.OBJ
C:\USERS\STUDENT\DOCUMENTS\GITHUB\COLIN-AIE-TERM-PROJECT\AQUARIUMCLIENT\DEBUG\EPOCHTIMETOSTRING.OBJ
C:\USERS\STUDENT\DOCUMENTS\GITHUB\COLIN-AIE-TERM-PROJECT\AQUARIUMCLIENT\DEBUG\FILELIST.OBJ
C:\USERS\STUDENT\DOCUMENTS\GITHUB\COLIN-AIE-TERM-PROJECT\AQUARIUMCLIENT\DEBUG\FILELISTTRANSFER.OBJ
C:\USERS\STUDENT\DOCUMENTS\GITHUB\COLIN-AIE-TERM-PROJECT\AQUARIUMCLIENT\DEBUG\FILEOPERATIONS.OBJ
C:\USERS\STUDENT\DOCUMENTS\GITHUB\COLIN-AIE-TERM-PROJECT\AQUARIUMCLIENT\DEBUG\FORMATSTRING.OBJ
C:\USERS\STUDENT\DOCUMENTS\GITHUB\COLIN-AIE-TERM-PROJECT\AQUARIUMCLIENT\DEBUG\FULLYCONNECTEDMESH2.OBJ
C:\USERS\STUDENT\DOCUMENTS\GITHUB\COLIN-AIE-TERM-PROJECT\AQUARIUMCLIENT\DEBUG\GETCHE.OBJ
C:\USERS\STUDENT\DOCUMENTS\GITHUB\COLIN-AIE-TERM-PROJECT\AQUARIUMCLIENT\DEBUG\GETS.OBJ
C:\USERS\STUDENT\DOCUMENTS\GITHUB\COLIN-AIE-TERM-PROJECT\AQUARIUMCLIENT\DEBUG\GETTIME.OBJ
C:\USERS\STUDENT\DOCUMENTS\GITHUB\COLIN-AIE-TERM-PROJECT\AQUARIUMCLIENT\DEBUG\GETTIMEOFDAY.OBJ
C:\USERS\STUDENT\DOCUMENTS\GITHUB\COLIN-AIE-TERM-PROJECT\AQUARIUMCLIENT\DEBUG\GRIDSECTORIZER.OBJ
C:\USERS\STUDENT\DOCUMENTS\GITHUB\COLIN-AIE-TERM-PROJECT\AQUARIUMCLIENT\DEBUG\HTTPCONNECTION.OBJ
C:\USERS\STUDENT\DOCUMENTS\GITHUB\COLIN-AIE-TERM-PROJECT\AQUARIUMCLIENT\DEBUG\INCREMENTALREADINTERFACE.OBJ
C:\USERS\STUDENT\DOCUMENTS\GITHUB\COLIN-AIE-TERM-PROJECT\AQUARIUMCLIENT\DEBUG\ITOA.OBJ
C:\Users\Student\Documents\GitHub\Colin-AIE-Term-Project\AquariumClient\Debug\link.2416.read.1.tlog
C:\Users\Student\Documents\GitHub\Colin-AIE-Term-Project\AquariumClient\Debug\link.2416.write.1.tlog
C:\Users\Student\Documents\GitHub\Colin-AIE-Term-Project\AquariumClient\Debug\link.2416-cvtres.read.1.tlog
C:\Users\Student\Documents\GitHub\Colin-AIE-Term-Project\AquariumClient\Debug\link.2416-cvtres.write.1.tlog
C:\Users\Student\Documents\GitHub\Colin-AIE-Term-Project\AquariumClient\Debug\link.5692.read.1.tlog
C:\Users\Student\Documents\GitHub\Colin-AIE-Term-Project\AquariumClient\Debug\link.5692.write.1.tlog
C:\Users\Student\Documents\GitHub\Colin-AIE-Term-Project\AquariumClient\Debug\link.5692-cvtres.read.1.tlog
C:\Users\Student\Documents\GitHub\Colin-AIE-Term-Project\AquariumClient\Debug\link.5692-cvtres.write.1.tlog
C:\Users\Student\Documents\GitHub\Colin-AIE-Term-Project\AquariumClient\Debug\link.6892.read.1.tlog
C:\Users\Student\Documents\GitHub\Colin-AIE-Term-Project\AquariumClient\Debug\link.6892.write.1.tlog
C:\Users\Student\Documents\GitHub\Colin-AIE-Term-Project\AquariumClient\Debug\link.6892-cvtres.read.1.tlog
C:\Users\Student\Documents\GitHub\Colin-AIE-Term-Project\AquariumClient\Debug\link.6892-cvtres.write.1.tlog
C:\Users\Student\Documents\GitHub\Colin-AIE-Term-Project\AquariumClient\Debug\link.884.read.1.tlog
C:\Users\Student\Documents\GitHub\Colin-AIE-Term-Project\AquariumClient\Debug\link.884.write.1.tlog
C:\Users\Student\Documents\GitHub\Colin-AIE-Term-Project\AquariumClient\Debug\link.884-cvtres.read.1.tlog
C:\Users\Student\Documents\GitHub\Colin-AIE-Term-Project\AquariumClient\Debug\link.884-cvtres.write.1.tlog
C:\Users\Student\Documents\GitHub\Colin-AIE-Term-Project\AquariumClient\Debug\link.command.1.tlog
C:\Users\Student\Documents\GitHub\Colin-AIE-Term-Project\AquariumClient\Debug\link.read.1.tlog
C:\Users\Student\Documents\GitHub\Colin-AIE-Term-Project\AquariumClient\Debug\link.write.1.tlog
C:\Users\Student\Documents\GitHub\Colin-AIE-Term-Project\AquariumClient\Debug\link-cvtres.read.1.tlog
C:\Users\Student\Documents\GitHub\Colin-AIE-Term-Project\AquariumClient\Debug\link-cvtres.write.1.tlog
C:\USERS\STUDENT\DOCUMENTS\GITHUB\COLIN-AIE-TERM-PROJECT\AQUARIUMCLIENT\DEBUG\LINUXSTRINGS.OBJ
C:\USERS\STUDENT\DOCUMENTS\GITHUB\COLIN-AIE-TERM-PROJECT\AQUARIUMCLIENT\DEBUG\LOGCOMMANDPARSER.OBJ
C:\USERS\STUDENT\DOCUMENTS\GITHUB\COLIN-AIE-TERM-PROJECT\AQUARIUMCLIENT\DEBUG\MESSAGEFILTER.OBJ
C:\Users\Student\Documents\GitHub\Colin-AIE-Term-Project\AquariumClient\Debug\mt.command.1.tlog
C:\Users\Student\Documents\GitHub\Colin-AIE-Term-Project\AquariumClient\Debug\mt.read.1.tlog
C:\Users\Student\Documents\GitHub\Colin-AIE-Term-Project\AquariumClient\Debug\mt.write.1.tlog
C:\USERS\STUDENT\DOCUMENTS\GITHUB\COLIN-AIE-TERM-PROJECT\AQUARIUMCLIENT\DEBUG\NATPUNCHTHROUGHCLIENT.OBJ
C:\USERS\STUDENT\DOCUMENTS\GITHUB\COLIN-AIE-TERM-PROJECT\AQUARIUMCLIENT\DEBUG\NATPUNCHTHROUGHSERVER.OBJ
C:\USERS\STUDENT\DOCUMENTS\GITHUB\COLIN-AIE-TERM-PROJECT\AQUARIUMCLIENT\DEBUG\NATTYPEDETECTIONCLIENT.OBJ
C:\USERS\STUDENT\DOCUMENTS\GITHUB\COLIN-AIE-TERM-PROJECT\AQUARIUMCLIENT\DEBUG\NATTYPEDETECTIONCOMMON.OBJ
C:\USERS\STUDENT\DOCUMENTS\GITHUB\COLIN-AIE-TERM-PROJECT\AQUARIUMCLIENT\DEBUG\NATTYPEDETECTIONSERVER.OBJ
C:\USERS\STUDENT\DOCUMENTS\GITHUB\COLIN-AIE-TERM-PROJECT\AQUARIUMCLIENT\DEBUG\NETWORKIDMANAGER.OBJ
C:\USERS\STUDENT\DOCUMENTS\GITHUB\COLIN-AIE-TERM-PROJECT\AQUARIUMCLIENT\DEBUG\NETWORKIDOBJECT.OBJ
C:\USERS\STUDENT\DOCUMENTS\GITHUB\COLIN-AIE-TERM-PROJECT\AQUARIUMCLIENT\DEBUG\PACKETCONSOLELOGGER.OBJ
C:\USERS\STUDENT\DOCUMENTS\GITHUB\COLIN-AIE-TERM-PROJECT\AQUARIUMCLIENT\DEBUG\PACKETFILELOGGER.OBJ
C:\USERS\STUDENT\DOCUMENTS\GITHUB\COLIN-AIE-TERM-PROJECT\AQUARIUMCLIENT\DEBUG\PACKETIZEDTCP.OBJ
C:\USERS\STUDENT\DOCUMENTS\GITHUB\COLIN-AIE-TERM-PROJECT\AQUARIUMCLIENT\DEBUG\PACKETLOGGER.OBJ
C:\USERS\STUDENT\DOCUMENTS\GITHUB\COLIN-AIE-TERM-PROJECT\AQUARIUMCLIENT\DEBUG\PACKETOUTPUTWINDOWLOGGER.OBJ
C:\USERS\STUDENT\DOCUMENTS\GITHUB\COLIN-AIE-TERM-PROJECT\AQUARIUMCLIENT\DEBUG\PLUGININTERFACE2.OBJ
C:\USERS\STUDENT\DOCUMENTS\GITHUB\COLIN-AIE-TERM-PROJECT\AQUARIUMCLIENT\DEBUG\RAKMEMORYOVERRIDE.OBJ
C:\USERS\STUDENT\DOCUMENTS\GITHUB\COLIN-AIE-TERM-PROJECT\AQUARIUMCLIENT\DEBUG\RAKNETCOMMANDPARSER.OBJ
C:\USERS\STUDENT\DOCUMENTS\GITHUB\COLIN-AIE-TERM-PROJECT\AQUARIUMCLIENT\DEBUG\RAKNETSOCKET.OBJ
C:\USERS\STUDENT\DOCUMENTS\GITHUB\COLIN-AIE-TERM-PROJECT\AQUARIUMCLIENT\DEBUG\RAKNETSTATISTICS.OBJ
C:\USERS\STUDENT\DOCUMENTS\GITHUB\COLIN-AIE-TERM-PROJECT\AQUARIUMCLIENT\DEBUG\RAKNETTRANSPORT2.OBJ
C:\USERS\STUDENT\DOCUMENTS\GITHUB\COLIN-AIE-TERM-PROJECT\AQUARIUMCLIENT\DEBUG\RAKNETTYPES.OBJ
C:\USERS\STUDENT\DOCUMENTS\GITHUB\COLIN-AIE-TERM-PROJECT\AQUARIUMCLIENT\DEBUG\RAKPEER.OBJ
C:\USERS\STUDENT\DOCUMENTS\GITHUB\COLIN-AIE-TERM-PROJECT\AQUARIUMCLIENT\DEBUG\RAKSLEEP.OBJ
C:\USERS\STUDENT\DOCUMENTS\GITHUB\COLIN-AIE-TERM-PROJECT\AQUARIUMCLIENT\DEBUG\RAKSTRING.OBJ
C:\USERS\STUDENT\DOCUMENTS\GITHUB\COLIN-AIE-TERM-PROJECT\AQUARIUMCLIENT\DEBUG\RAKTHREAD.OBJ
C:\USERS\STUDENT\DOCUMENTS\GITHUB\COLIN-AIE-TERM-PROJECT\AQUARIUMCLIENT\DEBUG\RAND.OBJ
C:\Users\Student\Documents\GitHub\Colin-AIE-Term-Project\AquariumClient\Debug\rc.command.1.tlog
C:\Users\Student\Documents\GitHub\Colin-AIE-Term-Project\AquariumClient\Debug\rc.read.1.tlog
C:\Users\Student\Documents\GitHub\Colin-AIE-Term-Project\AquariumClient\Debug\rc.write.1.tlog
C:\USERS\STUDENT\DOCUMENTS\GITHUB\COLIN-AIE-TERM-PROJECT\AQUARIUMCLIENT\DEBUG\RDLMALLOC.OBJ
C:\USERS\STUDENT\DOCUMENTS\GITHUB\COLIN-AIE-TERM-PROJECT\AQUARIUMCLIENT\DEBUG\READYEVENT.OBJ
C:\USERS\STUDENT\DOCUMENTS\GITHUB\COLIN-AIE-TERM-PROJECT\AQUARIUMCLIENT\DEBUG\RELIABILITYLAYER.OBJ
C:\USERS\STUDENT\DOCUMENTS\GITHUB\COLIN-AIE-TERM-PROJECT\AQUARIUMCLIENT\DEBUG\REPLICAMANAGER3.OBJ
C:\USERS\STUDENT\DOCUMENTS\GITHUB\COLIN-AIE-TERM-PROJECT\AQUARIUMCLIENT\DEBUG\ROUTER2.OBJ
C:\USERS\STUDENT\DOCUMENTS\GITHUB\COLIN-AIE-TERM-PROJECT\AQUARIUMCLIENT\DEBUG\RPC4PLUGIN.OBJ
C:\USERS\STUDENT\DOCUMENTS\GITHUB\COLIN-AIE-TERM-PROJECT\AQUARIUMCLIENT\DEBUG\SECUREHANDSHAKE.OBJ
C:\USERS\STUDENT\DOCUMENTS\GITHUB\COLIN-AIE-TERM-PROJECT\AQUARIUMCLIENT\DEBUG\SENDTOTHREAD.OBJ
C:\USERS\STUDENT\DOCUMENTS\GITHUB\COLIN-AIE-TERM-PROJECT\AQUARIUMCLIENT\DEBUG\SHA1.OBJ
C:\USERS\STUDENT\DOCUMENTS\GITHUB\COLIN-AIE-TERM-PROJECT\AQUARIUMCLIENT\DEBUG\SIGNALEDEVENT.OBJ
C:\USERS\STUDENT\DOCUMENTS\GITHUB\COLIN-AIE-TERM-PROJECT\AQUARIUMCLIENT\DEBUG\SIMPLEMUTEX.OBJ
C:\USERS\STUDENT\DOCUMENTS\GITHUB\COLIN-AIE-TERM-PROJECT\AQUARIUMCLIENT\DEBUG\SOCKETLAYER.OBJ
C:\USERS\STUDENT\DOCUMENTS\GITHUB\COLIN-AIE-TERM-PROJECT\AQUARIUMCLIENT\DEBUG\STRINGCOMPRESSOR.OBJ
C:\USERS\STUDENT\DOCUMENTS\GITHUB\COLIN-AIE-TERM-PROJECT\AQUARIUMCLIENT\DEBUG\STRINGTABLE.OBJ
C:\USERS\STUDENT\DOCUMENTS\GITHUB\COLIN-AIE-TERM-PROJECT\AQUARIUMCLIENT\DEBUG\SUPERFASTHASH.OBJ
C:\USERS\STUDENT\DOCUMENTS\GITHUB\COLIN-AIE-TERM-PROJECT\AQUARIUMCLIENT\DEBUG\TABLESERIALIZER.OBJ
C:\USERS\STUDENT\DOCUMENTS\GITHUB\COLIN-AIE-TERM-PROJECT\AQUARIUMCLIENT\DEBUG\TCPINTERFACE.OBJ
C:\USERS\STUDENT\DOCUMENTS\GITHUB\COLIN-AIE-TERM-PROJECT\AQUARIUMCLIENT\DEBUG\TEAMBALANCER.OBJ
C:\USERS\STUDENT\DOCUMENTS\GITHUB\COLIN-AIE-TERM-PROJECT\AQUARIUMCLIENT\DEBUG\TELNETTRANSPORT.OBJ
C:\USERS\STUDENT\DOCUMENTS\GITHUB\COLIN-AIE-TERM-PROJECT\AQUARIUMCLIENT\DEBUG\THREADSAFEPACKETLOGGER.OBJ
C:\USERS\STUDENT\DOCUMENTS\GITHUB\COLIN-AIE-TERM-PROJECT\AQUARIUMCLIENT\DEBUG\UDPFORWARDER.OBJ
C:\USERS\STUDENT\DOCUMENTS\GITHUB\COLIN-AIE-TERM-PROJECT\AQUARIUMCLIENT\DEBUG\UDPPROXYCLIENT.OBJ
C:\USERS\STUDENT\DOCUMENTS\GITHUB\COLIN-AIE-TERM-PROJECT\AQUARIUMCLIENT\DEBUG\UDPPROXYCOORDINATOR.OBJ
C:\USERS\STUDENT\DOCUMENTS\GITHUB\COLIN-AIE-TERM-PROJECT\AQUARIUMCLIENT\DEBUG\UDPPROXYSERVER.OBJ
C:\USERS\STUDENT\DOCUMENTS\GITHUB\COLIN-AIE-TERM-PROJECT\AQUARIUMCLIENT\DEBUG\VARIABLEDELTASERIALIZER.OBJ
C:\USERS\STUDENT\DOCUMENTS\GITHUB\COLIN-AIE-TERM-PROJECT\AQUARIUMCLIENT\DEBUG\VARIABLELISTDELTATRACKER.OBJ
C:\USERS\STUDENT\DOCUMENTS\GITHUB\COLIN-AIE-TERM-PROJECT\AQUARIUMCLIENT\DEBUG\VARIADICSQLPARSER.OBJ
C:\Users\Student\Documents\GitHub\Colin-AIE-Term-Project\AquariumClient\Debug\vc100.idb
C:\USERS\STUDENT\DOCUMENTS\GITHUB\COLIN-AIE-TERM-PROJECT\AQUARIUMCLIENT\DEBUG\VC100.PDB
C:\USERS\STUDENT\DOCUMENTS\GITHUB\COLIN-AIE-TERM-PROJECT\AQUARIUMCLIENT\DEBUG\WSASTARTUPSINGLETON.OBJ
C:\USERS\STUDENT\DOCUMENTS\GITHUB\COLIN-AIE-TERM-PROJECT\AQUARIUMSERVER\DEBUG\AQUARIUMCLIENT.EXE
C:\USERS\STUDENT\DOCUMENTS\GITHUB\COLIN-AIE-TERM-PROJECT\AQUARIUMSERVER\DEBUG\AQUARIUMCLIENT.ILK
C:\USERS\STUDENT\DOCUMENTS\GITHUB\COLIN-AIE-TERM-PROJECT\AQUARIUMSERVER\DEBUG\AQUARIUMCLIENT.PDB
C:\USERS\STUDENT\DOCUMENTS\VISUAL STUDIO 2010\PROJECTS\AQUARIUMCLIENT\DEBUG\_FINDFIRST.OBJ
C:\USERS\STUDENT\DOCUMENTS\VISUAL STUDIO 2010\PROJECTS\AQUARIUMCLIENT\DEBUG\AQUARIUMCLIENT.EXE.EMBED.MANIFEST
C:\USERS\STUDENT\DOCUMENTS\VISUAL STUDIO 2010\PROJECTS\AQUARIUMCLIENT\DEBUG\AQUARIUMCLIENT.EXE.EMBED.MANIFEST.RES
C:\USERS\STUDENT\DOCUMENTS\VISUAL STUDIO 2010\PROJECTS\AQUARIUMCLIENT\DEBUG\AQUARIUMCLIENT.EXE.INTERMEDIATE.MANIFEST
C:\USERS\STUDENT\DOCUMENTS\VISUAL STUDIO 2010\PROJECTS\AQUARIUMCLIENT\DEBUG\AQUARIUMCLIENT.OBJ
C:\USERS\STUDENT\DOCUMENTS\VISUAL STUDIO 2010\PROJECTS\AQUARIUMCLIENT\DEBUG\AQUARIUMCREATURE.OBJ
C:\USERS\STUDENT\DOCUMENTS\VISUAL STUDIO 2010\PROJECTS\AQUARIUMCLIENT\DEBUG\AQUARIUMGAMESTATE.OBJ
C:\USERS\STUDENT\DOCUMENTS\VISUAL STUDIO 2010\PROJECTS\AQUARIUMCLIENT\DEBUG\AQUARIUMRAKNET.OBJ
C:\USERS\STUDENT\DOCUMENTS\VISUAL STUDIO 2010\PROJECTS\AQUARIUMCLIENT\DEBUG\BITSTREAM.OBJ
C:\USERS\STUDENT\DOCUMENTS\VISUAL STUDIO 2010\PROJECTS\AQUARIUMCLIENT\DEBUG\CCRAKNETUDT.OBJ
C:\USERS\STUDENT\DOCUMENTS\VISUAL STUDIO 2010\PROJECTS\AQUARIUMCLIENT\DEBUG\CHECKSUM.OBJ
C:\USERS\STUDENT\DOCUMENTS\VISUAL STUDIO 2010\PROJECTS\AQUARIUMCLIENT\DEBUG\COMMANDPARSERINTERFACE.OBJ
C:\USERS\STUDENT\DOCUMENTS\VISUAL STUDIO 2010\PROJECTS\AQUARIUMCLIENT\DEBUG\CONNECTIONGRAPH2.OBJ
C:\USERS\STUDENT\DOCUMENTS\VISUAL STUDIO 2010\PROJECTS\AQUARIUMCLIENT\DEBUG\CONSOLESERVER.OBJ
C:\USERS\STUDENT\DOCUMENTS\VISUAL STUDIO 2010\PROJECTS\AQUARIUMCLIENT\DEBUG\DATACOMPRESSOR.OBJ
C:\USERS\STUDENT\DOCUMENTS\VISUAL STUDIO 2010\PROJECTS\AQUARIUMCLIENT\DEBUG\DIRECTORYDELTATRANSFER.OBJ
C:\USERS\STUDENT\DOCUMENTS\VISUAL STUDIO 2010\PROJECTS\AQUARIUMCLIENT\DEBUG\DS_BYTEPOOL.OBJ
C:\USERS\STUDENT\DOCUMENTS\VISUAL STUDIO 2010\PROJECTS\AQUARIUMCLIENT\DEBUG\DS_BYTEQUEUE.OBJ
C:\USERS\STUDENT\DOCUMENTS\VISUAL STUDIO 2010\PROJECTS\AQUARIUMCLIENT\DEBUG\DS_HUFFMANENCODINGTREE.OBJ
C:\USERS\STUDENT\DOCUMENTS\VISUAL STUDIO 2010\PROJECTS\AQUARIUMCLIENT\DEBUG\DS_TABLE.OBJ
C:\USERS\STUDENT\DOCUMENTS\VISUAL STUDIO 2010\PROJECTS\AQUARIUMCLIENT\DEBUG\EMAILSENDER.OBJ
C:\USERS\STUDENT\DOCUMENTS\VISUAL STUDIO 2010\PROJECTS\AQUARIUMCLIENT\DEBUG\ENCODECLASSNAME.OBJ
C:\USERS\STUDENT\DOCUMENTS\VISUAL STUDIO 2010\PROJECTS\AQUARIUMCLIENT\DEBUG\EPOCHTIMETOSTRING.OBJ
C:\USERS\STUDENT\DOCUMENTS\VISUAL STUDIO 2010\PROJECTS\AQUARIUMCLIENT\DEBUG\FILELIST.OBJ
C:\USERS\STUDENT\DOCUMENTS\VISUAL STUDIO 2010\PROJECTS\AQUARIUMCLIENT\DEBUG\FILELISTTRANSFER.OBJ
C:\USERS\STUDENT\DOCUMENTS\VISUAL STUDIO 2010\PROJECTS\AQUARIUMCLIENT\DEBUG\FILEOPERATIONS.OBJ
C:\USERS\STUDENT\DOCUMENTS\VISUAL STUDIO 2010\PROJECTS\AQUARIUMCLIENT\DEBUG\FORMATSTRING.OBJ
C:\USERS\STUDENT\DOCUMENTS\VISUAL STUDIO 2010\PROJECTS\AQUARIUMCLIENT\DEBUG\FULLYCONNECTEDMESH2.OBJ
C:\USERS\STUDENT\DOCUMENTS\VISUAL STUDIO 2010\PROJECTS\AQUARIUMCLIENT\DEBUG\GETCHE.OBJ
C:\USERS\STUDENT\DOCUMENTS\VISUAL STUDIO 2010\PROJECTS\AQUARIUMCLIENT\DEBUG\GETS.OBJ
C:\USERS\STUDENT\DOCUMENTS\VISUAL STUDIO 2010\PROJECTS\AQUARIUMCLIENT\DEBUG\GETTIME.OBJ
C:\USERS\STUDENT\DOCUMENTS\VISUAL STUDIO 2010\PROJECTS\AQUARIUMCLIENT\DEBUG\GETTIMEOFDAY.OBJ
C:\USERS\STUDENT\DOCUMENTS\VISUAL STUDIO 2010\PROJECTS\AQUARIUMCLIENT\DEBUG\GRIDSECTORIZER.OBJ
C:\USERS\STUDENT\DOCUMENTS\VISUAL STUDIO 2010\PROJECTS\AQUARIUMCLIENT\DEBUG\HTTPCONNECTION.OBJ
C:\USERS\STUDENT\DOCUMENTS\VISUAL STUDIO 2010\PROJECTS\AQUARIUMCLIENT\DEBUG\INCREMENTALREADINTERFACE.OBJ
C:\USERS\STUDENT\DOCUMENTS\VISUAL STUDIO 2010\PROJECTS\AQUARIUMCLIENT\DEBUG\ITOA.OBJ
C:\USERS\STUDENT\DOCUMENTS\VISUAL STUDIO 2010\PROJECTS\AQUARIUMCLIENT\DEBUG\LINUXSTRINGS.OBJ
C:\USERS\STUDENT\DOCUMENTS\VISUAL STUDIO 2010\PROJECTS\AQUARIUMCLIENT\DEBUG\LOGCOMMANDPARSER.OBJ
C:\USERS\STUDENT\DOCUMENTS\VISUAL STUDIO 2010\PROJECTS\AQUARIUMCLIENT\DEBUG\MESSAGEFILTER.OBJ
C:\USERS\STUDENT\DOCUMENTS\VISUAL STUDIO 2010\PROJECTS\AQUARIUMCLIENT\DEBUG\NATPUNCHTHROUGHCLIENT.OBJ
C:\USERS\STUDENT\DOCUMENTS\VISUAL STUDIO 2010\PROJECTS\AQUARIUMCLIENT\DEBUG\NATPUNCHTHROUGHSERVER.OBJ
C:\USERS\STUDENT\DOCUMENTS\VISUAL STUDIO 2010\PROJECTS\AQUARIUMCLIENT\DEBUG\NATTYPEDETECTIONCLIENT.OBJ
C:\USERS\STUDENT\DOCUMENTS\VISUAL STUDIO 2010\PROJECTS\AQUARIUMCLIENT\DEBUG\NATTYPEDETECTIONCOMMON.OBJ
C:\USERS\STUDENT\DOCUMENTS\VISUAL STUDIO 2010\PROJECTS\AQUARIUMCLIENT\DEBUG\NATTYPEDETECTIONSERVER.OBJ
C:\USERS\STUDENT\DOCUMENTS\VISUAL STUDIO 2010\PROJECTS\AQUARIUMCLIENT\DEBUG\NETWORKIDMANAGER.OBJ
C:\USERS\STUDENT\DOCUMENTS\VISUAL STUDIO 2010\PROJECTS\AQUARIUMCLIENT\DEBUG\NETWORKIDOBJECT.OBJ
C:\USERS\STUDENT\DOCUMENTS\VISUAL STUDIO 2010\PROJECTS\AQUARIUMCLIENT\DEBUG\PACKETCONSOLELOGGER.OBJ
C:\USERS\STUDENT\DOCUMENTS\VISUAL STUDIO 2010\PROJECTS\AQUARIUMCLIENT\DEBUG\PACKETFILELOGGER.OBJ
C:\USERS\STUDENT\DOCUMENTS\VISUAL STUDIO 2010\PROJECTS\AQUARIUMCLIENT\DEBUG\PACKETIZEDTCP.OBJ
C:\USERS\STUDENT\DOCUMENTS\VISUAL STUDIO 2010\PROJECTS\AQUARIUMCLIENT\DEBUG\PACKETLOGGER.OBJ
C:\USERS\STUDENT\DOCUMENTS\VISUAL STUDIO 2010\PROJECTS\AQUARIUMCLIENT\DEBUG\PACKETOUTPUTWINDOWLOGGER.OBJ
C:\USERS\STUDENT\DOCUMENTS\VISUAL STUDIO 2010\PROJECTS\AQUARIUMCLIENT\DEBUG\PLUGININTERFACE2.OBJ
C:\USERS\STUDENT\DOCUMENTS\VISUAL STUDIO 2010\PROJECTS\AQUARIUMCLIENT\DEBUG\RAKMEMORYOVERRIDE.OBJ
C:\USERS\STUDENT\DOCUMENTS\VISUAL STUDIO 2010\PROJECTS\AQUARIUMCLIENT\DEBUG\RAKNETCOMMANDPARSER.OBJ
C:\USERS\STUDENT\DOCUMENTS\VISUAL STUDIO 2010\PROJECTS\AQUARIUMCLIENT\DEBUG\RAKNETSOCKET.OBJ
C:\USERS\STUDENT\DOCUMENTS\VISUAL STUDIO 2010\PROJECTS\AQUARIUMCLIENT\DEBUG\RAKNETSTATISTICS.OBJ
C:\USERS\STUDENT\DOCUMENTS\VISUAL STUDIO 2010\PROJECTS\AQUARIUMCLIENT\DEBUG\RAKNETTRANSPORT2.OBJ
C:\USERS\STUDENT\DOCUMENTS\VISUAL STUDIO 2010\PROJECTS\AQUARIUMCLIENT\DEBUG\RAKNETTYPES.OBJ
C:\USERS\STUDENT\DOCUMENTS\VISUAL STUDIO 2010\PROJECTS\AQUARIUMCLIENT\DEBUG\RAKPEER.OBJ
C:\USERS\STUDENT\DOCUMENTS\VISUAL STUDIO 2010\PROJECTS\AQUARIUMCLIENT\DEBUG\RAKSLEEP.OBJ
C:\USERS\STUDENT\DOCUMENTS\VISUAL STUDIO 2010\PROJECTS\AQUARIUMCLIENT\DEBUG\RAKSTRING.OBJ
C:\USERS\STUDENT\DOCUMENTS\VISUAL STUDIO 2010\PROJECTS\AQUARIUMCLIENT\DEBUG\RAKTHREAD.OBJ
C:\USERS\STUDENT\DOCUMENTS\VISUAL STUDIO 2010\PROJECTS\AQUARIUMCLIENT\DEBUG\RAND.OBJ
C:\USERS\STUDENT\DOCUMENTS\VISUAL STUDIO 2010\PROJECTS\AQUARIUMCLIENT\DEBUG\RDLMALLOC.OBJ
C:\USERS\STUDENT\DOCUMENTS\VISUAL STUDIO 2010\PROJECTS\AQUARIUMCLIENT\DEBUG\READYEVENT.OBJ
C:\USERS\STUDENT\DOCUMENTS\VISUAL STUDIO 2010\PROJECTS\AQUARIUMCLIENT\DEBUG\RELIABILITYLAYER.OBJ
C:\USERS\STUDENT\DOCUMENTS\VISUAL STUDIO 2010\PROJECTS\AQUARIUMCLIENT\DEBUG\REPLICAMANAGER3.OBJ
C:\USERS\STUDENT\DOCUMENTS\VISUAL STUDIO 2010\PROJECTS\AQUARIUMCLIENT\DEBUG\ROUTER2.OBJ
C:\USERS\STUDENT\DOCUMENTS\VISUAL STUDIO 2010\PROJECTS\AQUARIUMCLIENT\DEBUG\RPC4PLUGIN.OBJ
C:\USERS\STUDENT\DOCUMENTS\VISUAL STUDIO 2010\PROJECTS\AQUARIUMCLIENT\DEBUG\SECUREHANDSHAKE.OBJ
C:\USERS\STUDENT\DOCUMENTS\VISUAL STUDIO 2010\PROJECTS\AQUARIUMCLIENT\DEBUG\SENDTOTHREAD.OBJ
C:\USERS\STUDENT\DOCUMENTS\VISUAL STUDIO 2010\PROJECTS\AQUARIUMCLIENT\DEBUG\SHA1.OBJ
C:\USERS\STUDENT\DOCUMENTS\VISUAL STUDIO 2010\PROJECTS\AQUARIUMCLIENT\DEBUG\SIGNALEDEVENT.OBJ
C:\USERS\STUDENT\DOCUMENTS\VISUAL STUDIO 2010\PROJECTS\AQUARIUMCLIENT\DEBUG\SIMPLEMUTEX.OBJ
C:\USERS\STUDENT\DOCUMENTS\VISUAL STUDIO 2010\PROJECTS\AQUARIUMCLIENT\DEBUG\SOCKETLAYER.OBJ
C:\USERS\STUDENT\DOCUMENTS\VISUAL STUDIO 2010\PROJECTS\AQUARIUMCLIENT\DEBUG\STRINGCOMPRESSOR.OBJ
C:\USERS\STUDENT\DOCUMENTS\VISUAL STUDIO 2010\PROJECTS\AQUARIUMCLIENT\DEBUG\STRINGTABLE.OBJ
C:\USERS\STUDENT\DOCUMENTS\VISUAL STUDIO 2010\PROJECTS\AQUARIUMCLIENT\DEBUG\SUPERFASTHASH.OBJ
C:\USERS\STUDENT\DOCUMENTS\VISUAL STUDIO 2010\PROJECTS\AQUARIUMCLIENT\DEBUG\TABLESERIALIZER.OBJ
C:\USERS\STUDENT\DOCUMENTS\VISUAL STUDIO 2010\PROJECTS\AQUARIUMCLIENT\DEBUG\TCPINTERFACE.OBJ
C:\USERS\STUDENT\DOCUMENTS\VISUAL STUDIO 2010\PROJECTS\AQUARIUMCLIENT\DEBUG\TEAMBALANCER.OBJ
C:\USERS\STUDENT\DOCUMENTS\VISUAL STUDIO 2010\PROJECTS\AQUARIUMCLIENT\DEBUG\TELNETTRANSPORT.OBJ
C:\USERS\STUDENT\DOCUMENTS\VISUAL STUDIO 2010\PROJECTS\AQUARIUMCLIENT\DEBUG\THREADSAFEPACKETLOGGER.OBJ
C:\USERS\STUDENT\DOCUMENTS\VISUAL STUDIO 2010\PROJECTS\AQUARIUMCLIENT\DEBUG\UDPFORWARDER.OBJ
C:\USERS\STUDENT\DOCUMENTS\VISUAL STUDIO 2010\PROJECTS\AQUARIUMCLIENT\DEBUG\UDPPROXYCLIENT.OBJ
C:\USERS\STUDENT\DOCUMENTS\VISUAL STUDIO 2010\PROJECTS\AQUARIUMCLIENT\DEBUG\UDPPROXYCOORDINATOR.OBJ
C:\USERS\STUDENT\DOCUMENTS\VISUAL STUDIO 2010\PROJECTS\AQUARIUMCLIENT\DEBUG\UDPPROXYSERVER.OBJ
C:\USERS\STUDENT\DOCUMENTS\VISUAL STUDIO 2010\PROJECTS\AQUARIUMCLIENT\DEBUG\VARIABLEDELTASERIALIZER.OBJ
C:\USERS\STUDENT\DOCUMENTS\VISUAL STUDIO 2010\PROJECTS\AQUARIUMCLIENT\DEBUG\VARIABLELISTDELTATRACKER.OBJ
C:\USERS\STUDENT\DOCUMENTS\VISUAL STUDIO 2010\PROJECTS\AQUARIUMCLIENT\DEBUG\VARIADICSQLPARSER.OBJ
C:\USERS\STUDENT\DOCUMENTS\VISUAL STUDIO 2010\PROJECTS\AQUARIUMCLIENT\DEBUG\VC100.PDB
C:\USERS\STUDENT\DOCUMENTS\VISUAL STUDIO 2010\PROJECTS\AQUARIUMCLIENT\DEBUG\WSASTARTUPSINGLETON.OBJ
C:\USERS\STUDENT\DOCUMENTS\VISUAL STUDIO 2010\PROJECTS\AQUARIUMSERVER\DEBUG\AQUARIUMCLIENT.EXE
C:\USERS\STUDENT\DOCUMENTS\VISUAL STUDIO 2010\PROJECTS\AQUARIUMSERVER\DEBUG\AQUARIUMCLIENT.ILK
C:\USERS\STUDENT\DOCUMENTS\VISUAL STUDIO 2010\PROJECTS\AQUARIUMSERVER\DEBUG\AQUARIUMCLIENT.PDB
