C:\USERS\STUDENT\DOCUMENTS\GITHUB\COLIN-AIE-TERM-PROJECT\AQUARIUMSERVER\DEBUG\_FINDFIRST.OBJ
C:\Users\Student\Documents\GitHub\Colin-AIE-Term-Project\AquariumServer\Debug\AquariumClient.ilk
C:\Users\Student\Documents\GitHub\Colin-AIE-Term-Project\AquariumServer\Debug\AquariumClient.pdb
C:\USERS\STUDENT\DOCUMENTS\GITHUB\COLIN-AIE-TERM-PROJECT\AQUARIUMSERVER\DEBUG\AQUARIUMCREATURE.OBJ
C:\USERS\STUDENT\DOCUMENTS\GITHUB\COLIN-AIE-TERM-PROJECT\AQUARIUMSERVER\DEBUG\AQUARIUMGAMESTATE.OBJ
C:\USERS\STUDENT\DOCUMENTS\GITHUB\COLIN-AIE-TERM-PROJECT\AQUARIUMSERVER\DEBUG\AQUARIUMRAKNET.OBJ
C:\Users\Student\Documents\GitHub\Colin-AIE-Term-Project\AquariumServer\Debug\AquariumServer.exe.embed.manifest
C:\USERS\STUDENT\DOCUMENTS\GITHUB\COLIN-AIE-TERM-PROJECT\AQUARIUMSERVER\DEBUG\AQUARIUMSERVER.EXE.EMBED.MANIFEST.RES
C:\Users\Student\Documents\GitHub\Colin-AIE-Term-Project\AquariumServer\Debug\AquariumServer.exe.intermediate.manifest
C:\USERS\STUDENT\DOCUMENTS\GITHUB\COLIN-AIE-TERM-PROJECT\AQUARIUMSERVER\DEBUG\AQUARIUMSERVER.OBJ
C:\Users\Student\Documents\GitHub\Colin-AIE-Term-Project\AquariumServer\Debug\AquariumServer.pdb
C:\Users\Student\Documents\GitHub\Colin-AIE-Term-Project\AquariumServer\Debug\AquariumServer_manifest.rc
C:\USERS\STUDENT\DOCUMENTS\GITHUB\COLIN-AIE-TERM-PROJECT\AQUARIUMSERVER\DEBUG\BITSTREAM.OBJ
C:\USERS\STUDENT\DOCUMENTS\GITHUB\COLIN-AIE-TERM-PROJECT\AQUARIUMSERVER\DEBUG\CCRAKNETUDT.OBJ
C:\USERS\STUDENT\DOCUMENTS\GITHUB\COLIN-AIE-TERM-PROJECT\AQUARIUMSERVER\DEBUG\CHECKSUM.OBJ
C:\Users\Student\Documents\GitHub\Colin-AIE-Term-Project\AquariumServer\Debug\cl.command.1.tlog
C:\Users\Student\Documents\GitHub\Colin-AIE-Term-Project\AquariumServer\Debug\CL.read.1.tlog
C:\Users\Student\Documents\GitHub\Colin-AIE-Term-Project\AquariumServer\Debug\CL.write.1.tlog
C:\USERS\STUDENT\DOCUMENTS\GITHUB\COLIN-AIE-TERM-PROJECT\AQUARIUMSERVER\DEBUG\COMMANDPARSERINTERFACE.OBJ
C:\USERS\STUDENT\DOCUMENTS\GITHUB\COLIN-AIE-TERM-PROJECT\AQUARIUMSERVER\DEBUG\CONNECTIONGRAPH2.OBJ
C:\USERS\STUDENT\DOCUMENTS\GITHUB\COLIN-AIE-TERM-PROJECT\AQUARIUMSERVER\DEBUG\CONSOLESERVER.OBJ
C:\USERS\STUDENT\DOCUMENTS\GITHUB\COLIN-AIE-TERM-PROJECT\AQUARIUMSERVER\DEBUG\DATACOMPRESSOR.OBJ
C:\USERS\STUDENT\DOCUMENTS\GITHUB\COLIN-AIE-TERM-PROJECT\AQUARIUMSERVER\DEBUG\DIRECTORYDELTATRANSFER.OBJ
C:\USERS\STUDENT\DOCUMENTS\GITHUB\COLIN-AIE-TERM-PROJECT\AQUARIUMSERVER\DEBUG\DS_BYTEPOOL.OBJ
C:\USERS\STUDENT\DOCUMENTS\GITHUB\COLIN-AIE-TERM-PROJECT\AQUARIUMSERVER\DEBUG\DS_BYTEQUEUE.OBJ
C:\USERS\STUDENT\DOCUMENTS\GITHUB\COLIN-AIE-TERM-PROJECT\AQUARIUMSERVER\DEBUG\DS_HUFFMANENCODINGTREE.OBJ
C:\USERS\STUDENT\DOCUMENTS\GITHUB\COLIN-AIE-TERM-PROJECT\AQUARIUMSERVER\DEBUG\DS_TABLE.OBJ
C:\USERS\STUDENT\DOCUMENTS\GITHUB\COLIN-AIE-TERM-PROJECT\AQUARIUMSERVER\DEBUG\EMAILSENDER.OBJ
C:\USERS\STUDENT\DOCUMENTS\GITHUB\COLIN-AIE-TERM-PROJECT\AQUARIUMSERVER\DEBUG\ENCODECLASSNAME.OBJ
C:\USERS\STUDENT\DOCUMENTS\GITHUB\COLIN-AIE-TERM-PROJECT\AQUARIUMSERVER\DEBUG\EPOCHTIMETOSTRING.OBJ
C:\USERS\STUDENT\DOCUMENTS\GITHUB\COLIN-AIE-TERM-PROJECT\AQUARIUMSERVER\DEBUG\FILELIST.OBJ
C:\USERS\STUDENT\DOCUMENTS\GITHUB\COLIN-AIE-TERM-PROJECT\AQUARIUMSERVER\DEBUG\FILELISTTRANSFER.OBJ
C:\USERS\STUDENT\DOCUMENTS\GITHUB\COLIN-AIE-TERM-PROJECT\AQUARIUMSERVER\DEBUG\FILEOPERATIONS.OBJ
C:\USERS\STUDENT\DOCUMENTS\GITHUB\COLIN-AIE-TERM-PROJECT\AQUARIUMSERVER\DEBUG\FORMATSTRING.OBJ
C:\USERS\STUDENT\DOCUMENTS\GITHUB\COLIN-AIE-TERM-PROJECT\AQUARIUMSERVER\DEBUG\FULLYCONNECTEDMESH2.OBJ
C:\USERS\STUDENT\DOCUMENTS\GITHUB\COLIN-AIE-TERM-PROJECT\AQUARIUMSERVER\DEBUG\GETCHE.OBJ
C:\USERS\STUDENT\DOCUMENTS\GITHUB\COLIN-AIE-TERM-PROJECT\AQUARIUMSERVER\DEBUG\GETS.OBJ
C:\USERS\STUDENT\DOCUMENTS\GITHUB\COLIN-AIE-TERM-PROJECT\AQUARIUMSERVER\DEBUG\GETTIME.OBJ
C:\USERS\STUDENT\DOCUMENTS\GITHUB\COLIN-AIE-TERM-PROJECT\AQUARIUMSERVER\DEBUG\GETTIMEOFDAY.OBJ
C:\USERS\STUDENT\DOCUMENTS\GITHUB\COLIN-AIE-TERM-PROJECT\AQUARIUMSERVER\DEBUG\GRIDSECTORIZER.OBJ
C:\USERS\STUDENT\DOCUMENTS\GITHUB\COLIN-AIE-TERM-PROJECT\AQUARIUMSERVER\DEBUG\HTTPCONNECTION.OBJ
C:\USERS\STUDENT\DOCUMENTS\GITHUB\COLIN-AIE-TERM-PROJECT\AQUARIUMSERVER\DEBUG\INCREMENTALREADINTERFACE.OBJ
C:\USERS\STUDENT\DOCUMENTS\GITHUB\COLIN-AIE-TERM-PROJECT\AQUARIUMSERVER\DEBUG\ITOA.OBJ
C:\Users\Student\Documents\GitHub\Colin-AIE-Term-Project\AquariumServer\Debug\link.command.1.tlog
C:\Users\Student\Documents\GitHub\Colin-AIE-Term-Project\AquariumServer\Debug\link.read.1.tlog
C:\Users\Student\Documents\GitHub\Colin-AIE-Term-Project\AquariumServer\Debug\link.write.1.tlog
C:\Users\Student\Documents\GitHub\Colin-AIE-Term-Project\AquariumServer\Debug\link-cvtres.read.1.tlog
C:\Users\Student\Documents\GitHub\Colin-AIE-Term-Project\AquariumServer\Debug\link-cvtres.write.1.tlog
C:\USERS\STUDENT\DOCUMENTS\GITHUB\COLIN-AIE-TERM-PROJECT\AQUARIUMSERVER\DEBUG\LINUXSTRINGS.OBJ
C:\USERS\STUDENT\DOCUMENTS\GITHUB\COLIN-AIE-TERM-PROJECT\AQUARIUMSERVER\DEBUG\LOGCOMMANDPARSER.OBJ
C:\USERS\STUDENT\DOCUMENTS\GITHUB\COLIN-AIE-TERM-PROJECT\AQUARIUMSERVER\DEBUG\MESSAGEFILTER.OBJ
C:\USERS\STUDENT\DOCUMENTS\GITHUB\COLIN-AIE-TERM-PROJECT\AQUARIUMSERVER\DEBUG\NATPUNCHTHROUGHCLIENT.OBJ
C:\USERS\STUDENT\DOCUMENTS\GITHUB\COLIN-AIE-TERM-PROJECT\AQUARIUMSERVER\DEBUG\NATPUNCHTHROUGHSERVER.OBJ
C:\USERS\STUDENT\DOCUMENTS\GITHUB\COLIN-AIE-TERM-PROJECT\AQUARIUMSERVER\DEBUG\NATTYPEDETECTIONCLIENT.OBJ
C:\USERS\STUDENT\DOCUMENTS\GITHUB\COLIN-AIE-TERM-PROJECT\AQUARIUMSERVER\DEBUG\NATTYPEDETECTIONCOMMON.OBJ
C:\USERS\STUDENT\DOCUMENTS\GITHUB\COLIN-AIE-TERM-PROJECT\AQUARIUMSERVER\DEBUG\NATTYPEDETECTIONSERVER.OBJ
C:\USERS\STUDENT\DOCUMENTS\GITHUB\COLIN-AIE-TERM-PROJECT\AQUARIUMSERVER\DEBUG\NETWORKIDMANAGER.OBJ
C:\USERS\STUDENT\DOCUMENTS\GITHUB\COLIN-AIE-TERM-PROJECT\AQUARIUMSERVER\DEBUG\NETWORKIDOBJECT.OBJ
C:\USERS\STUDENT\DOCUMENTS\GITHUB\COLIN-AIE-TERM-PROJECT\AQUARIUMSERVER\DEBUG\PACKETCONSOLELOGGER.OBJ
C:\USERS\STUDENT\DOCUMENTS\GITHUB\COLIN-AIE-TERM-PROJECT\AQUARIUMSERVER\DEBUG\PACKETFILELOGGER.OBJ
C:\USERS\STUDENT\DOCUMENTS\GITHUB\COLIN-AIE-TERM-PROJECT\AQUARIUMSERVER\DEBUG\PACKETIZEDTCP.OBJ
C:\USERS\STUDENT\DOCUMENTS\GITHUB\COLIN-AIE-TERM-PROJECT\AQUARIUMSERVER\DEBUG\PACKETLOGGER.OBJ
C:\USERS\STUDENT\DOCUMENTS\GITHUB\COLIN-AIE-TERM-PROJECT\AQUARIUMSERVER\DEBUG\PACKETOUTPUTWINDOWLOGGER.OBJ
C:\USERS\STUDENT\DOCUMENTS\GITHUB\COLIN-AIE-TERM-PROJECT\AQUARIUMSERVER\DEBUG\PLUGININTERFACE2.OBJ
C:\USERS\STUDENT\DOCUMENTS\GITHUB\COLIN-AIE-TERM-PROJECT\AQUARIUMSERVER\DEBUG\RAKMEMORYOVERRIDE.OBJ
C:\USERS\STUDENT\DOCUMENTS\GITHUB\COLIN-AIE-TERM-PROJECT\AQUARIUMSERVER\DEBUG\RAKNETCOMMANDPARSER.OBJ
C:\USERS\STUDENT\DOCUMENTS\GITHUB\COLIN-AIE-TERM-PROJECT\AQUARIUMSERVER\DEBUG\RAKNETSOCKET.OBJ
C:\USERS\STUDENT\DOCUMENTS\GITHUB\COLIN-AIE-TERM-PROJECT\AQUARIUMSERVER\DEBUG\RAKNETSTATISTICS.OBJ
C:\USERS\STUDENT\DOCUMENTS\GITHUB\COLIN-AIE-TERM-PROJECT\AQUARIUMSERVER\DEBUG\RAKNETTRANSPORT2.OBJ
C:\USERS\STUDENT\DOCUMENTS\GITHUB\COLIN-AIE-TERM-PROJECT\AQUARIUMSERVER\DEBUG\RAKNETTYPES.OBJ
C:\USERS\STUDENT\DOCUMENTS\GITHUB\COLIN-AIE-TERM-PROJECT\AQUARIUMSERVER\DEBUG\RAKPEER.OBJ
C:\USERS\STUDENT\DOCUMENTS\GITHUB\COLIN-AIE-TERM-PROJECT\AQUARIUMSERVER\DEBUG\RAKSLEEP.OBJ
C:\USERS\STUDENT\DOCUMENTS\GITHUB\COLIN-AIE-TERM-PROJECT\AQUARIUMSERVER\DEBUG\RAKSTRING.OBJ
C:\USERS\STUDENT\DOCUMENTS\GITHUB\COLIN-AIE-TERM-PROJECT\AQUARIUMSERVER\DEBUG\RAKTHREAD.OBJ
C:\USERS\STUDENT\DOCUMENTS\GITHUB\COLIN-AIE-TERM-PROJECT\AQUARIUMSERVER\DEBUG\RAND.OBJ
C:\Users\Student\Documents\GitHub\Colin-AIE-Term-Project\AquariumServer\Debug\rc.command.1.tlog
C:\Users\Student\Documents\GitHub\Colin-AIE-Term-Project\AquariumServer\Debug\rc.read.1.tlog
C:\Users\Student\Documents\GitHub\Colin-AIE-Term-Project\AquariumServer\Debug\rc.write.1.tlog
C:\USERS\STUDENT\DOCUMENTS\GITHUB\COLIN-AIE-TERM-PROJECT\AQUARIUMSERVER\DEBUG\RDLMALLOC.OBJ
C:\USERS\STUDENT\DOCUMENTS\GITHUB\COLIN-AIE-TERM-PROJECT\AQUARIUMSERVER\DEBUG\READYEVENT.OBJ
C:\USERS\STUDENT\DOCUMENTS\GITHUB\COLIN-AIE-TERM-PROJECT\AQUARIUMSERVER\DEBUG\RELIABILITYLAYER.OBJ
C:\USERS\STUDENT\DOCUMENTS\GITHUB\COLIN-AIE-TERM-PROJECT\AQUARIUMSERVER\DEBUG\REPLICAMANAGER3.OBJ
C:\USERS\STUDENT\DOCUMENTS\GITHUB\COLIN-AIE-TERM-PROJECT\AQUARIUMSERVER\DEBUG\ROUTER2.OBJ
C:\USERS\STUDENT\DOCUMENTS\GITHUB\COLIN-AIE-TERM-PROJECT\AQUARIUMSERVER\DEBUG\RPC4PLUGIN.OBJ
C:\USERS\STUDENT\DOCUMENTS\GITHUB\COLIN-AIE-TERM-PROJECT\AQUARIUMSERVER\DEBUG\SECUREHANDSHAKE.OBJ
C:\USERS\STUDENT\DOCUMENTS\GITHUB\COLIN-AIE-TERM-PROJECT\AQUARIUMSERVER\DEBUG\SENDTOTHREAD.OBJ
C:\USERS\STUDENT\DOCUMENTS\GITHUB\COLIN-AIE-TERM-PROJECT\AQUARIUMSERVER\DEBUG\SHA1.OBJ
C:\USERS\STUDENT\DOCUMENTS\GITHUB\COLIN-AIE-TERM-PROJECT\AQUARIUMSERVER\DEBUG\SIGNALEDEVENT.OBJ
C:\USERS\STUDENT\DOCUMENTS\GITHUB\COLIN-AIE-TERM-PROJECT\AQUARIUMSERVER\DEBUG\SIMPLEMUTEX.OBJ
C:\USERS\STUDENT\DOCUMENTS\GITHUB\COLIN-AIE-TERM-PROJECT\AQUARIUMSERVER\DEBUG\SOCKETLAYER.OBJ
C:\USERS\STUDENT\DOCUMENTS\GITHUB\COLIN-AIE-TERM-PROJECT\AQUARIUMSERVER\DEBUG\STRINGCOMPRESSOR.OBJ
C:\USERS\STUDENT\DOCUMENTS\GITHUB\COLIN-AIE-TERM-PROJECT\AQUARIUMSERVER\DEBUG\STRINGTABLE.OBJ
C:\USERS\STUDENT\DOCUMENTS\GITHUB\COLIN-AIE-TERM-PROJECT\AQUARIUMSERVER\DEBUG\SUPERFASTHASH.OBJ
C:\USERS\STUDENT\DOCUMENTS\GITHUB\COLIN-AIE-TERM-PROJECT\AQUARIUMSERVER\DEBUG\TABLESERIALIZER.OBJ
C:\USERS\STUDENT\DOCUMENTS\GITHUB\COLIN-AIE-TERM-PROJECT\AQUARIUMSERVER\DEBUG\TCPINTERFACE.OBJ
C:\USERS\STUDENT\DOCUMENTS\GITHUB\COLIN-AIE-TERM-PROJECT\AQUARIUMSERVER\DEBUG\TEAMBALANCER.OBJ
C:\USERS\STUDENT\DOCUMENTS\GITHUB\COLIN-AIE-TERM-PROJECT\AQUARIUMSERVER\DEBUG\TELNETTRANSPORT.OBJ
C:\USERS\STUDENT\DOCUMENTS\GITHUB\COLIN-AIE-TERM-PROJECT\AQUARIUMSERVER\DEBUG\THREADSAFEPACKETLOGGER.OBJ
C:\USERS\STUDENT\DOCUMENTS\GITHUB\COLIN-AIE-TERM-PROJECT\AQUARIUMSERVER\DEBUG\UDPFORWARDER.OBJ
C:\USERS\STUDENT\DOCUMENTS\GITHUB\COLIN-AIE-TERM-PROJECT\AQUARIUMSERVER\DEBUG\UDPPROXYCLIENT.OBJ
C:\USERS\STUDENT\DOCUMENTS\GITHUB\COLIN-AIE-TERM-PROJECT\AQUARIUMSERVER\DEBUG\UDPPROXYCOORDINATOR.OBJ
C:\USERS\STUDENT\DOCUMENTS\GITHUB\COLIN-AIE-TERM-PROJECT\AQUARIUMSERVER\DEBUG\UDPPROXYSERVER.OBJ
C:\USERS\STUDENT\DOCUMENTS\GITHUB\COLIN-AIE-TERM-PROJECT\AQUARIUMSERVER\DEBUG\VARIABLEDELTASERIALIZER.OBJ
C:\USERS\STUDENT\DOCUMENTS\GITHUB\COLIN-AIE-TERM-PROJECT\AQUARIUMSERVER\DEBUG\VARIABLELISTDELTATRACKER.OBJ
C:\USERS\STUDENT\DOCUMENTS\GITHUB\COLIN-AIE-TERM-PROJECT\AQUARIUMSERVER\DEBUG\VARIADICSQLPARSER.OBJ
C:\Users\Student\Documents\GitHub\Colin-AIE-Term-Project\AquariumServer\Debug\vc100.idb
C:\USERS\STUDENT\DOCUMENTS\GITHUB\COLIN-AIE-TERM-PROJECT\AQUARIUMSERVER\DEBUG\VC100.PDB
C:\USERS\STUDENT\DOCUMENTS\GITHUB\COLIN-AIE-TERM-PROJECT\AQUARIUMSERVER\DEBUG\WSASTARTUPSINGLETON.OBJ
